<?xml version="1.0" encoding="UTF-8"?>
<testsuite name="com.mes.domain.haccp.entity.PreRequisiteProgramTest" tests="4" skipped="0" failures="0" errors="0" timestamp="2026-06-30T14:34:05" hostname="runnervm7b5n9" time="0.02">
  <properties/>
  <testcase name="copy_returnsNewWithDifferentId()" classname="com.mes.domain.haccp.entity.PreRequisiteProgramTest" time="0.003"/>
  <testcase name="setters_updateFieldsCorrectly()" classname="com.mes.domain.haccp.entity.PreRequisiteProgramTest" time="0.004"/>
  <testcase name="equals_inheritedFromBaseEntity_comparesById()" classname="com.mes.domain.haccp.entity.PreRequisiteProgramTest" time="0.004"/>
  <testcase name="constructor_setsAllFields()" classname="com.mes.domain.haccp.entity.PreRequisiteProgramTest" time="0.001"/>
  <system-out><![CDATA[]]></system-out>
  <system-err><![CDATA[]]></system-err>
</testsuite>
