<?xml version="1.0" encoding="UTF-8"?>
<testsuite name="com.mes.domain.production.entity.ProductionOrderTest" tests="8" skipped="0" failures="0" errors="0" timestamp="2026-07-01T11:30:40" hostname="runnervm7b5n9" time="0.035">
  <properties/>
  <testcase name="copy_preservesNullFields()" classname="com.mes.domain.production.entity.ProductionOrderTest" time="0.003"/>
  <testcase name="deleteMarksSoftDeleted()" classname="com.mes.domain.production.entity.ProductionOrderTest" time="0.001"/>
  <testcase name="setters_updateFieldsCorrectly()" classname="com.mes.domain.production.entity.ProductionOrderTest" time="0.001"/>
  <testcase name="copy_returnsNewOrderWithDifferentId()" classname="com.mes.domain.production.entity.ProductionOrderTest" time="0.001"/>
  <testcase name="touchUpdatesTimestamp()" classname="com.mes.domain.production.entity.ProductionOrderTest" time="0.012"/>
  <testcase name="equals_inheritedFromBaseEntity_comparesById()" classname="com.mes.domain.production.entity.ProductionOrderTest" time="0.001"/>
  <testcase name="copyReturnsCorrectType()" classname="com.mes.domain.production.entity.ProductionOrderTest" time="0.0"/>
  <testcase name="constructor_setsAllFields()" classname="com.mes.domain.production.entity.ProductionOrderTest" time="0.001"/>
  <system-out><![CDATA[]]></system-out>
  <system-err><![CDATA[]]></system-err>
</testsuite>
