<?xml version="1.0" encoding="UTF-8"?>
<testsuite name="com.mes.domain.inventory.entity.StockTransactionTest" tests="2" skipped="0" failures="0" errors="0" timestamp="2026-07-01T11:30:39" hostname="runnervm7b5n9" time="0.006">
  <properties/>
  <testcase name="constructor_initializesAllFields()" classname="com.mes.domain.inventory.entity.StockTransactionTest" time="0.004"/>
  <testcase name="constructorSetsTransactionIdToNull()" classname="com.mes.domain.inventory.entity.StockTransactionTest" time="0.001"/>
  <system-out><![CDATA[]]></system-out>
  <system-err><![CDATA[]]></system-err>
</testsuite>
