<?xml version="1.0" encoding="UTF-8"?>
<testsuite name="com.mes.domain.inventory.vo.StockQuantityTest" tests="13" skipped="0" failures="0" errors="0" timestamp="2026-05-16T04:02:11" hostname="MaiashiM4Mac-mini.local" time="0.015">
  <properties/>
  <testcase name="subtract_handlesNullArgument()" classname="com.mes.domain.inventory.vo.StockQuantityTest" time="0.001"/>
  <testcase name="constructor_rejectsNegativeAmount()" classname="com.mes.domain.inventory.vo.StockQuantityTest" time="0.001"/>
  <testcase name="constructor_acceptsNonNegativeAmount()" classname="com.mes.domain.inventory.vo.StockQuantityTest" time="0.001"/>
  <testcase name="toBigDecimalReturnsExactValue()" classname="com.mes.domain.inventory.vo.StockQuantityTest" time="0.0"/>
  <testcase name="equalityBasedOnValueNotReference()" classname="com.mes.domain.inventory.vo.StockQuantityTest" time="0.001"/>
  <testcase name="subtract_rejectsNegativeResult()" classname="com.mes.domain.inventory.vo.StockQuantityTest" time="0.0"/>
  <testcase name="isPositive()" classname="com.mes.domain.inventory.vo.StockQuantityTest" time="0.001"/>
  <testcase name="subtract_returnsNewQuantity()" classname="com.mes.domain.inventory.vo.StockQuantityTest" time="0.001"/>
  <testcase name="toStringIsInformative()" classname="com.mes.domain.inventory.vo.StockQuantityTest" time="0.004"/>
  <testcase name="add_handlesNullArgument()" classname="com.mes.domain.inventory.vo.StockQuantityTest" time="0.001"/>
  <testcase name="add_returnsNewQuantity()" classname="com.mes.domain.inventory.vo.StockQuantityTest" time="0.001"/>
  <testcase name="isEqualToZero()" classname="com.mes.domain.inventory.vo.StockQuantityTest" time="0.001"/>
  <testcase name="constructor_rejectsNull()" classname="com.mes.domain.inventory.vo.StockQuantityTest" time="0.0"/>
  <system-out><![CDATA[]]></system-out>
  <system-err><![CDATA[]]></system-err>
</testsuite>
