<?xml version="1.0" encoding="UTF-8"?>
<testsuite name="com.mes.domain.inventory.entity.WarehouseTest" tests="2" skipped="0" failures="0" errors="0" timestamp="2026-07-01T11:30:40" hostname="runnervm7b5n9" time="0.003">
  <properties/>
  <testcase name="copy_createsNewInstance()" classname="com.mes.domain.inventory.entity.WarehouseTest" time="0.002"/>
  <testcase name="constructor_setsAllFields()" classname="com.mes.domain.inventory.entity.WarehouseTest" time="0.0"/>
  <system-out><![CDATA[]]></system-out>
  <system-err><![CDATA[]]></system-err>
</testsuite>
