<?xml version="1.0" encoding="UTF-8"?>
<testsuite name="com.mes.domain.traceability.entity.ShipmentOrderTest" tests="4" skipped="0" failures="0" errors="0" timestamp="2026-05-16T04:02:11" hostname="MaiashiM4Mac-mini.local" time="0.034">
  <properties/>
  <testcase name="constructor_allFields()" classname="com.mes.domain.traceability.entity.ShipmentOrderTest" time="0.032"/>
  <testcase name="copy_returnsNewWithDifferentId()" classname="com.mes.domain.traceability.entity.ShipmentOrderTest" time="0.001"/>
  <testcase name="copyPreservesAllFields()" classname="com.mes.domain.traceability.entity.ShipmentOrderTest" time="0.0"/>
  <testcase name="setters()" classname="com.mes.domain.traceability.entity.ShipmentOrderTest" time="0.0"/>
  <system-out><![CDATA[]]></system-out>
  <system-err><![CDATA[]]></system-err>
</testsuite>
