<?xml version="1.0" encoding="UTF-8"?>
<testsuite name="com.mes.domain.haccp.entity.EquipmentCalibrationTest" tests="4" skipped="0" failures="0" errors="0" timestamp="2026-05-16T04:02:11" hostname="MaiashiM4Mac-mini.local" time="0.014">
  <properties/>
  <testcase name="copy_returnsNewWithDifferentId()" classname="com.mes.domain.haccp.entity.EquipmentCalibrationTest" time="0.009"/>
  <testcase name="setters_updateFieldsCorrectly()" classname="com.mes.domain.haccp.entity.EquipmentCalibrationTest" time="0.001"/>
  <testcase name="equals_inheritedFromBaseEntity_comparesById()" classname="com.mes.domain.haccp.entity.EquipmentCalibrationTest" time="0.001"/>
  <testcase name="constructor_setsAllFields()" classname="com.mes.domain.haccp.entity.EquipmentCalibrationTest" time="0.001"/>
  <system-out><![CDATA[]]></system-out>
  <system-err><![CDATA[]]></system-err>
</testsuite>
