<?xml version="1.0" encoding="UTF-8"?>
<testsuite name="com.mes.domain.inventory.entity.ReceiptItemTest" tests="4" skipped="0" failures="0" errors="0" timestamp="2026-07-01T11:30:40" hostname="runnervm7b5n9" time="0.015">
  <properties/>
  <testcase name="copy_returnsNewWithDifferentId()" classname="com.mes.domain.inventory.entity.ReceiptItemTest" time="0.003"/>
  <testcase name="setters_updateFieldsCorrectly()" classname="com.mes.domain.inventory.entity.ReceiptItemTest" time="0.008"/>
  <testcase name="equals_inheritedFromBaseEntity_comparesById()" classname="com.mes.domain.inventory.entity.ReceiptItemTest" time="0.001"/>
  <testcase name="constructor_setsAllFields()" classname="com.mes.domain.inventory.entity.ReceiptItemTest" time="0.0"/>
  <system-out><![CDATA[]]></system-out>
  <system-err><![CDATA[]]></system-err>
</testsuite>
