<?xml version="1.0" encoding="UTF-8"?>
<testsuite name="com.mes.domain.inventory.entity.LotTest" tests="2" skipped="0" failures="0" errors="0" timestamp="2026-06-30T14:34:05" hostname="runnervm7b5n9" time="0.011">
  <properties/>
  <testcase name="copy_returnsNewLotWithDifferentId()" classname="com.mes.domain.inventory.entity.LotTest" time="0.002"/>
  <testcase name="constructor_setsAllFields()" classname="com.mes.domain.inventory.entity.LotTest" time="0.009"/>
  <system-out><![CDATA[]]></system-out>
  <system-err><![CDATA[]]></system-err>
</testsuite>
