<?xml version="1.0" encoding="UTF-8"?>
<testsuite name="com.mes.domain.inventory.entity.LotTest" tests="2" skipped="0" failures="0" errors="0" timestamp="2026-05-16T04:02:11" hostname="MaiashiM4Mac-mini.local" time="0.003">
  <properties/>
  <testcase name="copy_returnsNewLotWithDifferentId()" classname="com.mes.domain.inventory.entity.LotTest" time="0.001"/>
  <testcase name="constructor_setsAllFields()" classname="com.mes.domain.inventory.entity.LotTest" time="0.001"/>
  <system-out><![CDATA[]]></system-out>
  <system-err><![CDATA[]]></system-err>
</testsuite>
