<?xml version="1.0" encoding="UTF-8"?>
<testsuite name="com.mes.domain.production.entity.ProcessFlowTest" tests="4" skipped="0" failures="0" errors="0" timestamp="2026-07-01T11:30:39" hostname="runnervm7b5n9" time="0.01">
  <properties/>
  <testcase name="copy_returnsNewWithDifferentId()" classname="com.mes.domain.production.entity.ProcessFlowTest" time="0.001"/>
  <testcase name="setters_updateFieldsCorrectly()" classname="com.mes.domain.production.entity.ProcessFlowTest" time="0.001"/>
  <testcase name="equals_inheritedFromBaseEntity_comparesById()" classname="com.mes.domain.production.entity.ProcessFlowTest" time="0.001"/>
  <testcase name="constructor_setsAllFields()" classname="com.mes.domain.production.entity.ProcessFlowTest" time="0.001"/>
  <system-out><![CDATA[]]></system-out>
  <system-err><![CDATA[]]></system-err>
</testsuite>
