<?xml version="1.0" encoding="UTF-8"?>
<testsuite name="com.mes.domain.inventory.entity.StockTransactionTest" tests="2" skipped="0" failures="0" errors="0" timestamp="2026-05-16T04:02:11" hostname="MaiashiM4Mac-mini.local" time="0.028">
  <properties/>
  <testcase name="constructor_initializesAllFields()" classname="com.mes.domain.inventory.entity.StockTransactionTest" time="0.027"/>
  <testcase name="constructorSetsTransactionIdToNull()" classname="com.mes.domain.inventory.entity.StockTransactionTest" time="0.001"/>
  <system-out><![CDATA[]]></system-out>
  <system-err><![CDATA[]]></system-err>
</testsuite>
