<?xml version="1.0" encoding="UTF-8"?>
<testsuite name="com.mes.domain.haccp.entity.HaccpPlanTest" tests="5" skipped="0" failures="0" errors="0" timestamp="2026-05-16T04:02:11" hostname="MaiashiM4Mac-mini.local" time="0.046">
  <properties/>
  <testcase name="allHaccpPlanTypes_valid()" classname="com.mes.domain.haccp.entity.HaccpPlanTest" time="0.019"/>
  <testcase name="copy_returnsNewWithDifferentId()" classname="com.mes.domain.haccp.entity.HaccpPlanTest" time="0.017"/>
  <testcase name="setters_updateFieldsCorrectly()" classname="com.mes.domain.haccp.entity.HaccpPlanTest" time="0.003"/>
  <testcase name="equals_inheritedFromBaseEntity_comparesById()" classname="com.mes.domain.haccp.entity.HaccpPlanTest" time="0.0"/>
  <testcase name="constructor_setsAllFields()" classname="com.mes.domain.haccp.entity.HaccpPlanTest" time="0.001"/>
  <system-out><![CDATA[]]></system-out>
  <system-err><![CDATA[]]></system-err>
</testsuite>
