<?xml version="1.0" encoding="UTF-8"?>
<testsuite name="com.mes.domain.production.entity.ProductionOrderTest" tests="8" skipped="0" failures="0" errors="0" timestamp="2026-05-16T04:02:11" hostname="MaiashiM4Mac-mini.local" time="0.023">
  <properties/>
  <testcase name="copy_preservesNullFields()" classname="com.mes.domain.production.entity.ProductionOrderTest" time="0.001"/>
  <testcase name="deleteMarksSoftDeleted()" classname="com.mes.domain.production.entity.ProductionOrderTest" time="0.001"/>
  <testcase name="setters_updateFieldsCorrectly()" classname="com.mes.domain.production.entity.ProductionOrderTest" time="0.001"/>
  <testcase name="copy_returnsNewOrderWithDifferentId()" classname="com.mes.domain.production.entity.ProductionOrderTest" time="0.001"/>
  <testcase name="touchUpdatesTimestamp()" classname="com.mes.domain.production.entity.ProductionOrderTest" time="0.013"/>
  <testcase name="equals_inheritedFromBaseEntity_comparesById()" classname="com.mes.domain.production.entity.ProductionOrderTest" time="0.001"/>
  <testcase name="copyReturnsCorrectType()" classname="com.mes.domain.production.entity.ProductionOrderTest" time="0.0"/>
  <testcase name="constructor_setsAllFields()" classname="com.mes.domain.production.entity.ProductionOrderTest" time="0.001"/>
  <system-out><![CDATA[]]></system-out>
  <system-err><![CDATA[]]></system-err>
</testsuite>
