<?xml version="1.0" encoding="UTF-8"?>
<testsuite name="com.mes.domain.haccp.entity.HazardAnalysisTest" tests="5" skipped="0" failures="0" errors="0" timestamp="2026-07-01T11:30:39" hostname="runnervm7b5n9" time="0.006">
  <properties/>
  <testcase name="allHazardTypes_valid()" classname="com.mes.domain.haccp.entity.HazardAnalysisTest" time="0.001"/>
  <testcase name="copy_returnsNewWithDifferentId()" classname="com.mes.domain.haccp.entity.HazardAnalysisTest" time="0.0"/>
  <testcase name="setters_updateFieldsCorrectly()" classname="com.mes.domain.haccp.entity.HazardAnalysisTest" time="0.001"/>
  <testcase name="equals_inheritedFromBaseEntity_comparesById()" classname="com.mes.domain.haccp.entity.HazardAnalysisTest" time="0.001"/>
  <testcase name="constructor_setsAllFields()" classname="com.mes.domain.haccp.entity.HazardAnalysisTest" time="0.0"/>
  <system-out><![CDATA[]]></system-out>
  <system-err><![CDATA[]]></system-err>
</testsuite>
