<?xml version="1.0" encoding="UTF-8"?>
<testsuite name="com.mes.domain.production.entity.ProductionBatchTest" tests="7" skipped="0" failures="0" errors="0" timestamp="2026-06-30T14:34:05" hostname="runnervm7b5n9" time="0.02">
  <properties/>
  <testcase name="copy_returnsNewBatchWithDifferentId()" classname="com.mes.domain.production.entity.ProductionBatchTest" time="0.006"/>
  <testcase name="copy_preservesNullEndDate()" classname="com.mes.domain.production.entity.ProductionBatchTest" time="0.002"/>
  <testcase name="setters_updateFieldsCorrectly()" classname="com.mes.domain.production.entity.ProductionBatchTest" time="0.002"/>
  <testcase name="allBatchStatuses_valid()" classname="com.mes.domain.production.entity.ProductionBatchTest" time="0.002"/>
  <testcase name="equals_inheritedFromBaseEntity_comparesById()" classname="com.mes.domain.production.entity.ProductionBatchTest" time="0.002"/>
  <testcase name="copyReturnsCorrectType()" classname="com.mes.domain.production.entity.ProductionBatchTest" time="0.001"/>
  <testcase name="constructor_setsAllFields()" classname="com.mes.domain.production.entity.ProductionBatchTest" time="0.001"/>
  <system-out><![CDATA[]]></system-out>
  <system-err><![CDATA[]]></system-err>
</testsuite>
